<?xml version="1.0" encoding="UTF-8"?>
<!-- Generated by org.testng.reporters.JUnitReportReporter -->
<testsuite hostname="DESKTOP-8HN186T" failures="0" tests="1" name="smaZer_testcases.Before_pairing" time="322.976" errors="0" timestamp="2025-02-18T19:48:49 IST" skipped="0">
  <testcase classname="smaZer_testcases.Before_pairing" name="homePageUICheck" time="322.976"/>
</testsuite> <!-- smaZer_testcases.Before_pairing -->
