<?xml version="1.0" encoding="UTF-8"?>
<!-- Generated by org.testng.reporters.JUnitReportReporter -->
<testsuite hostname="Admin" failures="0" tests="1" name="smaZer_testcases.Before_pairing" time="29.718" errors="0" timestamp="2025-04-04T20:21:47 IST" skipped="0">
  <testcase classname="smaZer_testcases.Before_pairing" name="homePageUICheck" time="29.718"/>
</testsuite> <!-- smaZer_testcases.Before_pairing -->
