<?xml version="1.0" encoding="UTF-8"?>
<!-- Generated by org.testng.reporters.JUnitReportReporter -->
<testsuite hostname="Admin" failures="0" tests="1" name="smaZer_testcases.Ble_without_router" time="764.675" errors="0" timestamp="2025-04-03T18:51:39 IST" skipped="0">
  <testcase classname="smaZer_testcases.Ble_without_router" name="Blewithoutrouter_pairing" time="764.675"/>
</testsuite> <!-- smaZer_testcases.Ble_without_router -->
