<?xml version="1.0" encoding="UTF-8"?>
<!-- Generated by org.testng.reporters.JUnitReportReporter -->
<testsuite hostname="Admin" failures="0" tests="1" name="smaZer_testcases.Ble_with_router" time="784.040" errors="0" timestamp="2025-04-03T18:51:39 IST" skipped="0">
  <testcase classname="smaZer_testcases.Ble_with_router" name="Blewithrouter_pairing" time="784.040"/>
</testsuite> <!-- smaZer_testcases.Ble_with_router -->
